[2024-12-12 11:38:22] Vendor saved: vendor1
[2024-12-12 11:38:44] Customer saved: cutomer1
[2024-12-12 11:39:12] Ticket saved: Ticket-1733983752886 with status: available
[2024-12-12 11:39:12] Ticket saved: Ticket-1733983752886 with status: sold
[2024-12-12 11:39:12] Ticket saved: Ticket-1733983752897 with status: available
[2024-12-12 11:39:12] Ticket saved: Ticket-1733983752898 with status: available
[2024-12-12 11:39:12] Ticket saved: Ticket-1733983752899 with status: available
[2024-12-12 11:39:12] Ticket saved: Ticket-1733983752900 with status: available
[2024-12-12 11:39:12] Ticket saved: Ticket-1733983752901 with status: available
[2024-12-12 11:39:12] Ticket saved: Ticket-1733983752901 with status: available
[2024-12-12 11:39:12] Ticket saved: Ticket-1733983752902 with status: available
[2024-12-12 11:39:12] Ticket saved: Ticket-1733983752903 with status: available
[2024-12-12 11:39:12] Ticket saved: Ticket-1733983752904 with status: available
[2024-12-12 11:39:13] Ticket saved: Ticket-1733983752897 with status: sold
[2024-12-12 11:39:14] Ticket saved: Ticket-1733983752898 with status: sold
[2024-12-12 11:39:15] Ticket saved: Ticket-1733983752899 with status: sold
[2024-12-12 11:39:16] Ticket saved: Ticket-1733983752900 with status: sold
[2024-12-12 11:39:17] Ticket saved: Ticket-1733983757907 with status: available
[2024-12-12 11:39:17] Ticket saved: Ticket-1733983757913 with status: available
[2024-12-12 11:39:17] Ticket saved: Ticket-1733983757916 with status: available
[2024-12-12 11:39:17] Ticket saved: Ticket-1733983757918 with status: available
[2024-12-12 11:39:17] Ticket saved: Ticket-1733983757920 with status: available
[2024-12-12 11:39:17] Ticket saved: Ticket-1733983752901 with status: sold
[2024-12-12 11:39:18] Ticket saved: Ticket-1733983752901 with status: sold
[2024-12-12 11:39:19] Ticket saved: Ticket-1733983752902 with status: sold
[2024-12-12 11:39:20] Ticket saved: Ticket-1733983752903 with status: sold
[2024-12-12 11:51:45] Ticket saved: Ticket-1733984505188 with status: sold
[2024-12-12 11:51:45] Ticket saved: Ticket-1733984505188 with status: available
[2024-12-12 11:51:45] Ticket saved: Ticket-1733984505208 with status: available
[2024-12-12 11:51:45] Ticket saved: Ticket-1733984505209 with status: available
[2024-12-12 11:51:45] Ticket saved: Ticket-1733984505210 with status: available
[2024-12-12 11:51:45] Ticket saved: Ticket-1733984505211 with status: available
[2024-12-12 11:51:45] Ticket saved: Ticket-1733984505212 with status: available
[2024-12-12 11:51:45] Ticket saved: Ticket-1733984505213 with status: available
[2024-12-12 11:51:45] Ticket saved: Ticket-1733984505214 with status: available
[2024-12-12 11:51:45] Ticket saved: Ticket-1733984505214 with status: available
[2024-12-12 11:51:45] Ticket saved: Ticket-1733984505217 with status: available
[2024-12-12 11:51:46] Ticket saved: Ticket-1733984505208 with status: sold
[2024-12-12 11:51:47] Ticket saved: Ticket-1733984505209 with status: sold
[2024-12-12 11:51:48] Ticket saved: Ticket-1733984505210 with status: sold
[2024-12-12 11:51:49] Ticket saved: Ticket-1733984505211 with status: sold
[2024-12-12 11:51:50] Ticket saved: Ticket-1733984510219 with status: available
[2024-12-12 11:51:50] Ticket saved: Ticket-1733984510223 with status: available
[2024-12-12 11:51:50] Ticket saved: Ticket-1733984510226 with status: available
[2024-12-12 11:51:50] Ticket saved: Ticket-1733984510227 with status: available
[2024-12-12 11:51:50] Ticket saved: Ticket-1733984510229 with status: available
[2024-12-12 11:51:50] Ticket saved: Ticket-1733984505212 with status: sold
[2024-12-12 11:51:51] Ticket saved: Ticket-1733984505213 with status: sold
[2024-12-12 11:51:52] Ticket saved: Ticket-1733984505214 with status: sold
[2024-12-12 11:51:53] Ticket saved: Ticket-1733984505214 with status: sold
[2024-12-12 11:51:54] Ticket saved: Ticket-1733984505217 with status: sold
[2024-12-12 11:51:55] Ticket saved: Ticket-1733984515236 with status: available
[2024-12-12 11:51:55] Ticket saved: Ticket-1733984515241 with status: available
[2024-12-12 11:51:55] Ticket saved: Ticket-1733984515244 with status: available
[2024-12-12 11:51:55] Ticket saved: Ticket-1733984515246 with status: available
[2024-12-12 11:51:55] Ticket saved: Ticket-1733984515248 with status: available
[2024-12-12 11:51:55] Ticket saved: Ticket-1733984510219 with status: sold
[2024-12-12 11:51:56] Ticket saved: Ticket-1733984510223 with status: sold
[2024-12-12 11:51:57] Ticket saved: Ticket-1733984510226 with status: sold
[2024-12-12 11:51:58] Ticket saved: Ticket-1733984510227 with status: sold
[2024-12-12 11:51:59] Ticket saved: Ticket-1733984510229 with status: sold
[2024-12-12 11:53:53] Ticket saved: Ticket-1733984633240 with status: sold
[2024-12-12 11:53:53] Ticket saved: Ticket-1733984633240 with status: available
[2024-12-12 11:53:53] Ticket saved: Ticket-1733984633251 with status: available
[2024-12-12 11:53:53] Ticket saved: Ticket-1733984633251 with status: available
[2024-12-12 11:53:53] Ticket saved: Ticket-1733984633253 with status: available
[2024-12-12 11:53:53] Ticket saved: Ticket-1733984633254 with status: available
[2024-12-12 11:53:53] Ticket saved: Ticket-1733984633255 with status: available
[2024-12-12 11:53:53] Ticket saved: Ticket-1733984633256 with status: available
[2024-12-12 11:53:53] Ticket saved: Ticket-1733984633256 with status: available
[2024-12-12 11:53:53] Ticket saved: Ticket-1733984633257 with status: available
[2024-12-12 11:53:53] Ticket saved: Ticket-1733984633259 with status: available
[2024-12-12 11:53:54] Ticket saved: Ticket-1733984633251 with status: sold
[2024-12-12 11:54:39] Ticket saved: Ticket-1733984679405 with status: sold
[2024-12-12 11:54:39] Ticket saved: Ticket-1733984679405 with status: available
[2024-12-12 11:54:39] Ticket saved: Ticket-1733984679416 with status: available
[2024-12-12 11:54:39] Ticket saved: Ticket-1733984679418 with status: available
[2024-12-12 11:54:39] Ticket saved: Ticket-1733984679419 with status: available
[2024-12-12 11:54:39] Ticket saved: Ticket-1733984679420 with status: available
[2024-12-12 11:54:39] Ticket saved: Ticket-1733984679421 with status: available
[2024-12-12 11:54:39] Ticket saved: Ticket-1733984679422 with status: available
[2024-12-12 11:54:39] Ticket saved: Ticket-1733984679423 with status: available
[2024-12-12 11:54:39] Ticket saved: Ticket-1733984679424 with status: available
[2024-12-12 11:54:39] Ticket saved: Ticket-1733984679425 with status: available
[2024-12-12 11:54:40] Ticket saved: Ticket-1733984679416 with status: sold
[2024-12-12 11:54:41] Ticket saved: Ticket-1733984679418 with status: sold
[2024-12-12 11:57:14] Vendor saved: vendor3
[2024-12-12 11:57:23] Customer saved: customer3
[2024-12-12 11:57:30] Ticket saved: Ticket-1733984850506 with status: available
[2024-12-12 11:57:30] Ticket saved: Ticket-1733984850506 with status: sold
[2024-12-12 11:57:30] Ticket saved: Ticket-1733984850506 with status: available
[2024-12-12 11:57:30] Ticket saved: Ticket-1733984850513 with status: available
[2024-12-12 11:57:30] Ticket saved: Ticket-1733984850514 with status: available
[2024-12-12 11:57:30] Ticket saved: Ticket-1733984850514 with status: available
[2024-12-12 11:57:30] Ticket saved: Ticket-1733984850514 with status: available
[2024-12-12 11:57:30] Ticket saved: Ticket-1733984850516 with status: available
[2024-12-12 11:57:30] Ticket saved: Ticket-1733984850516 with status: available
[2024-12-12 11:57:30] Ticket saved: Ticket-1733984850519 with status: available
[2024-12-12 11:57:30] Ticket saved: Ticket-1733984850519 with status: available
[2024-12-12 11:57:30] Ticket saved: Ticket-1733984850520 with status: available
[2024-12-12 11:57:31] Ticket saved: Ticket-1733984850506 with status: sold
[2024-12-12 11:57:31] Ticket saved: Ticket-1733984850513 with status: sold
[2024-12-12 11:57:32] Ticket saved: Ticket-1733984850514 with status: sold
[2024-12-12 11:57:32] Ticket saved: Ticket-1733984850514 with status: sold
[2024-12-12 11:59:40] Ticket saved: Ticket-1733984980214 with status: available
[2024-12-12 11:59:40] Ticket saved: Ticket-1733984980214 with status: sold
[2024-12-12 11:59:40] Ticket saved: Ticket-1733984980214 with status: available
[2024-12-12 11:59:40] Ticket saved: Ticket-1733984980225 with status: available
[2024-12-12 11:59:40] Ticket saved: Ticket-1733984980225 with status: available
[2024-12-12 11:59:40] Ticket saved: Ticket-1733984980227 with status: available
[2024-12-12 11:59:40] Ticket saved: Ticket-1733984980227 with status: available
[2024-12-12 11:59:40] Ticket saved: Ticket-1733984980228 with status: available
[2024-12-12 11:59:40] Ticket saved: Ticket-1733984980229 with status: available
[2024-12-12 11:59:40] Ticket saved: Ticket-1733984980230 with status: available
[2024-12-12 11:59:40] Ticket saved: Ticket-1733984980230 with status: available
[2024-12-12 11:59:40] Ticket saved: Ticket-1733984980230 with status: available
[2024-12-12 11:59:41] Ticket saved: Ticket-1733984980214 with status: sold
[2024-12-12 11:59:41] Ticket saved: Ticket-1733984980225 with status: sold
[2024-12-12 11:59:42] Ticket saved: Ticket-1733984980225 with status: sold
[2024-12-12 11:59:42] Ticket saved: Ticket-1733984980227 with status: sold
